<?xml version="1.0" encoding="UTF-8"?>
<!-- Generated by org.testng.reporters.JUnitReportReporter -->
<testsuite skipped="0" hostname="LAPTOP-737HRKK6" name="com.amazon.tests.ProductTest" tests="1" failures="0" timestamp="08 Aug 2020 09:23:52 GMT" time="16.805" errors="0">
  <testcase name="testValidateProductDetails" time="16.805" classname="com.amazon.tests.ProductTest"/>
</testsuite> <!-- com.amazon.tests.ProductTest -->
